android/app/build/outputs/logs/manifest-merger-debug-report.txt
-- Merging decision tree log ---
manifest
ADDED from src/main/AndroidManifest.xml:1:1-26:12
INJECTED from src/main/AndroidManifest.xml:1:1-26:12
INJECTED from src/main/AndroidManifest.xml:1:1-26:12
INJECTED from src/main/AndroidManifest.xml:1:1-26:12
MERGED from src/main/AndroidManifest.xml:1:1-26:12
MERGED from [:react-native-background-fetch] AndroidManifest.xml:2:1-26:12
MERGED from [tsbackgroundfetch-0.3.3.aar] AndroidManifest.xml:2:1-30:12
MERGED from [:react-native-background-geolocation] AndroidManifest.xml:2:1-14:12
MERGED from [tslocationmanager-3.0.38.aar] AndroidManifest.xml:1:39-40:12
MERGED from [:react-native-gesture-handler] AndroidManifest.xml:2:1-11:12
MERGED from [:react-native-splash-screen] AndroidManifest.xml:2:1-14:12
MERGED from [com.facebook.react:react-native:0.61.4] AndroidManifest.xml:2:1-13:12
MERGED from [androidx.appcompat:appcompat:1.0.2] AndroidManifest.xml:17:1-22:12
MERGED from [com.google.android.gms:play-services-location:17.0.0] AndroidManifest.xml:2:1-9:12
MERGED from [com.google.android.gms:play-services-base:17.0.0] AndroidManifest.xml:17:1-29:12
MERGED from [com.google.android.gms:play-services-places-placereport:17.0.0] AndroidManifest.xml:17:1-24:12
MERGED from [com.google.android.gms:play-services-tasks:17.0.0] AndroidManifest.xml:2:1-9:12
MERGED from [com.google.android.gms:play-services-basement:17.0.0] AndroidManifest.xml:17:1-28:12
MERGED from [androidx.fragment:fragment:1.0.0] AndroidManifest.xml:17:1-22:12
MERGED from [androidx.vectordrawable:vectordrawable-animated:1.0.0] AndroidManifest.xml:17:1-22:12
MERGED from [androidx.legacy:legacy-support-core-ui:1.0.0] AndroidManifest.xml:17:1-22:12
MERGED from [androidx.legacy:legacy-support-core-utils:1.0.0] AndroidManifest.xml:17:1-22:12
MERGED from [androidx.vectordrawable:vectordrawable:1.0.1] AndroidManifest.xml:17:1-22:12
MERGED from [androidx.loader:loader:1.0.0] AndroidManifest.xml:17:1-22:12
MERGED from [androidx.viewpager:viewpager:1.0.0] AndroidManifest.xml:17:1-22:12
MERGED from [androidx.coordinatorlayout:coordinatorlayout:1.0.0] AndroidManifest.xml:17:1-22:12
MERGED from [androidx.drawerlayout:drawerlayout:1.0.0] AndroidManifest.xml:17:1-22:12
MERGED from [androidx.slidingpanelayout:slidingpanelayout:1.0.0] AndroidManifest.xml:17:1-22:12
MERGED from [androidx.customview:customview:1.0.0] AndroidManifest.xml:17:1-22:12
MERGED from [androidx.swiperefreshlayout:swiperefreshlayout:1.0.0] AndroidManifest.xml:17:1-22:12
MERGED from [androidx.asynclayoutinflater:asynclayoutinflater:1.0.0] AndroidManifest.xml:17:1-22:12
MERGED from [androidx.core:core:1.0.1] AndroidManifest.xml:17:1-24:12
MERGED from [androidx.versionedparcelable:versionedparcelable:1.0.0] AndroidManifest.xml:17:1-25:12
MERGED from [androidx.cursoradapter:cursoradapter:1.0.0] AndroidManifest.xml:17:1-22:12
MERGED from [androidx.lifecycle:lifecycle-runtime:2.0.0] AndroidManifest.xml:17:1-22:12
MERGED from [androidx.documentfile:documentfile:1.0.0] AndroidManifest.xml:17:1-22:12
MERGED from [androidx.localbroadcastmanager:localbroadcastmanager:1.0.0] AndroidManifest.xml:17:1-22:12
MERGED from [androidx.print:print:1.0.0] AndroidManifest.xml:17:1-22:12
MERGED from [androidx.lifecycle:lifecycle-viewmodel:2.0.0] AndroidManifest.xml:17:1-22:12
MERGED from [androidx.lifecycle:lifecycle-livedata:2.0.0] AndroidManifest.xml:17:1-22:12
MERGED from [androidx.lifecycle:lifecycle-livedata-core:2.0.0] AndroidManifest.xml:17:1-22:12
MERGED from [androidx.arch.core:core-runtime:2.0.0] AndroidManifest.xml:17:1-22:12
MERGED from [androidx.interpolator:interpolator:1.0.0] AndroidManifest.xml:17:1-22:12
MERGED from [org.webkit:android-jsc:r245459] AndroidManifest.xml:2:1-11:12
MERGED from [com.facebook.fresco:fresco:2.0.0] AndroidManifest.xml:2:1-9:12
MERGED from [com.facebook.fresco:imagepipeline-okhttp3:2.0.0] AndroidManifest.xml:2:1-9:12
MERGED from [com.facebook.fresco:drawee:2.0.0] AndroidManifest.xml:2:1-9:12
MERGED from [com.facebook.fresco:nativeimagefilters:2.0.0] AndroidManifest.xml:2:1-9:12
MERGED from [com.facebook.fresco:imagepipeline:2.0.0] AndroidManifest.xml:2:1-9:12
MERGED from [com.facebook.fresco:nativeimagetranscoder:2.0.0] AndroidManifest.xml:2:1-9:12
MERGED from [com.facebook.fresco:imagepipeline-base:2.0.0] AndroidManifest.xml:2:1-9:12
MERGED from [com.facebook.soloader:soloader:0.6.0] AndroidManifest.xml:2:1-13:12
MERGED from [com.github.tony19:logback-android:2.0.0] AndroidManifest.xml:2:1-11:12
MERGED from [com.intentfilter:android-permissions:0.1.8] AndroidManifest.xml:2:1-18:12
MERGED from [com.facebook.fresco:fbcore:2.0.0] AndroidManifest.xml:2:1-9:12
INJECTED from src/debug/AndroidManifest.xml:2:1-8:12
INJECTED from src/debug/AndroidManifest.xml:2:1-8:12
INJECTED from src/debug/AndroidManifest.xml:2:1-8:12
	package
		ADDED from src/main/AndroidManifest.xml:2:3-28
		INJECTED from src/main/AndroidManifest.xml
		ADDED from src/main/AndroidManifest.xml:2:3-28
		INJECTED from src/debug/AndroidManifest.xml
	android:versionName
		INJECTED from src/main/AndroidManifest.xml
		ADDED from src/main/AndroidManifest.xml:1:1-26:12
		INJECTED from src/debug/AndroidManifest.xml
	xmlns:tools
		ADDED from src/debug/AndroidManifest.xml:3:5-51
	android:versionCode
		INJECTED from src/main/AndroidManifest.xml
		ADDED from src/main/AndroidManifest.xml:1:1-26:12
		INJECTED from src/debug/AndroidManifest.xml
	xmlns:android
		ADDED from src/main/AndroidManifest.xml:1:11-69
uses-permission#android.permission.INTERNET
ADDED from src/main/AndroidManifest.xml:4:5-67
MERGED from [tslocationmanager-3.0.38.aar] AndroidManifest.xml:10:5-66
MERGED from [tslocationmanager-3.0.38.aar] AndroidManifest.xml:10:5-66
	android:name
		ADDED from src/main/AndroidManifest.xml:4:22-64
application
ADDED from src/main/AndroidManifest.xml:6:5-24:19
MERGED from src/main/AndroidManifest.xml:6:5-24:19
MERGED from src/main/AndroidManifest.xml:6:5-24:19
MERGED from [:react-native-background-fetch] AndroidManifest.xml:11:5-24:19
MERGED from [:react-native-background-fetch] AndroidManifest.xml:11:5-24:19
MERGED from [tsbackgroundfetch-0.3.3.aar] AndroidManifest.xml:14:5-28:19
MERGED from [tsbackgroundfetch-0.3.3.aar] AndroidManifest.xml:14:5-28:19
MERGED from [:react-native-background-geolocation] AndroidManifest.xml:11:5-12:19
MERGED from [:react-native-background-geolocation] AndroidManifest.xml:11:5-12:19
MERGED from [tslocationmanager-3.0.38.aar] AndroidManifest.xml:19:5-39:19
MERGED from [tslocationmanager-3.0.38.aar] AndroidManifest.xml:19:5-39:19
MERGED from [:react-native-splash-screen] AndroidManifest.xml:11:5-12:19
MERGED from [:react-native-splash-screen] AndroidManifest.xml:11:5-12:19
MERGED from [com.facebook.react:react-native:0.61.4] AndroidManifest.xml:11:5-20
MERGED from [com.facebook.react:react-native:0.61.4] AndroidManifest.xml:11:5-20
MERGED from [com.google.android.gms:play-services-location:17.0.0] AndroidManifest.xml:7:5-20
MERGED from [com.google.android.gms:play-services-location:17.0.0] AndroidManifest.xml:7:5-20
MERGED from [com.google.android.gms:play-services-base:17.0.0] AndroidManifest.xml:22:5-27:19
MERGED from [com.google.android.gms:play-services-base:17.0.0] AndroidManifest.xml:22:5-27:19
MERGED from [com.google.android.gms:play-services-places-placereport:17.0.0] AndroidManifest.xml:22:5-20
MERGED from [com.google.android.gms:play-services-places-placereport:17.0.0] AndroidManifest.xml:22:5-20
MERGED from [com.google.android.gms:play-services-tasks:17.0.0] AndroidManifest.xml:7:5-20
MERGED from [com.google.android.gms:play-services-tasks:17.0.0] AndroidManifest.xml:7:5-20
MERGED from [com.google.android.gms:play-services-basement:17.0.0] AndroidManifest.xml:22:5-26:19
MERGED from [com.google.android.gms:play-services-basement:17.0.0] AndroidManifest.xml:22:5-26:19
MERGED from [androidx.core:core:1.0.1] AndroidManifest.xml:22:5-89
MERGED from [androidx.core:core:1.0.1] AndroidManifest.xml:22:5-89
MERGED from [androidx.versionedparcelable:versionedparcelable:1.0.0] AndroidManifest.xml:22:5-23:19
MERGED from [androidx.versionedparcelable:versionedparcelable:1.0.0] AndroidManifest.xml:22:5-23:19
MERGED from [com.facebook.soloader:soloader:0.6.0] AndroidManifest.xml:11:5-20
MERGED from [com.facebook.soloader:soloader:0.6.0] AndroidManifest.xml:11:5-20
MERGED from [com.intentfilter:android-permissions:0.1.8] AndroidManifest.xml:11:5-16:19
MERGED from [com.intentfilter:android-permissions:0.1.8] AndroidManifest.xml:11:5-16:19
	android:appComponentFactory
		ADDED from [androidx.core:core:1.0.1] AndroidManifest.xml:22:18-86
	android:label
		ADDED from src/main/AndroidManifest.xml:8:7-39
		ADDED from src/main/AndroidManifest.xml:8:7-39
	tools:ignore
		ADDED from src/debug/AndroidManifest.xml:7:75-114
	android:roundIcon
		ADDED from src/main/AndroidManifest.xml:10:7-52
		ADDED from src/main/AndroidManifest.xml:10:7-52
	tools:targetApi
		ADDED from src/debug/AndroidManifest.xml:7:54-74
	android:icon
		ADDED from src/main/AndroidManifest.xml:9:7-41
		ADDED from src/main/AndroidManifest.xml:9:7-41
	android:allowBackup
		ADDED from src/main/AndroidManifest.xml:11:7-34
		ADDED from src/main/AndroidManifest.xml:11:7-34
	android:theme
		ADDED from src/main/AndroidManifest.xml:12:7-38
		ADDED from src/main/AndroidManifest.xml:12:7-38
	android:usesCleartextTraffic
		ADDED from src/debug/AndroidManifest.xml:7:18-53
	android:name
		ADDED from src/main/AndroidManifest.xml:7:7-38
		ADDED from src/main/AndroidManifest.xml:7:7-38
activity#com.geospikeapp.MainActivity
ADDED from src/main/AndroidManifest.xml:13:7-22:18
	android:label
		ADDED from src/main/AndroidManifest.xml:15:9-41
	android:windowSoftInputMode
		ADDED from src/main/AndroidManifest.xml:17:9-51
	android:configChanges
		ADDED from src/main/AndroidManifest.xml:16:9-79
	android:name
		ADDED from src/main/AndroidManifest.xml:14:9-37
intent-filter#action:name:android.intent.action.MAIN+category:name:android.intent.category.LAUNCHER
ADDED from src/main/AndroidManifest.xml:18:9-21:25
action#android.intent.action.MAIN
ADDED from src/main/AndroidManifest.xml:19:13-65
	android:name
		ADDED from src/main/AndroidManifest.xml:19:21-62
category#android.intent.category.LAUNCHER
ADDED from src/main/AndroidManifest.xml:20:13-73
	android:name
		ADDED from src/main/AndroidManifest.xml:20:23-70
activity#com.facebook.react.devsupport.DevSettingsActivity
ADDED from src/main/AndroidManifest.xml:23:7-84
	android:name
		ADDED from src/main/AndroidManifest.xml:23:17-81
uses-sdk
INJECTED from src/main/AndroidManifest.xml reason: use-sdk injection requested
INJECTED from src/main/AndroidManifest.xml
INJECTED from src/main/AndroidManifest.xml
MERGED from [:react-native-background-fetch] AndroidManifest.xml:7:5-9:41
MERGED from [:react-native-background-fetch] AndroidManifest.xml:7:5-9:41
MERGED from [tsbackgroundfetch-0.3.3.aar] AndroidManifest.xml:7:5-9:41
MERGED from [tsbackgroundfetch-0.3.3.aar] AndroidManifest.xml:7:5-9:41
MERGED from [:react-native-background-geolocation] AndroidManifest.xml:7:5-9:41
MERGED from [:react-native-background-geolocation] AndroidManifest.xml:7:5-9:41
MERGED from [tslocationmanager-3.0.38.aar] AndroidManifest.xml:2:5-73
MERGED from [tslocationmanager-3.0.38.aar] AndroidManifest.xml:2:5-73
MERGED from [:react-native-gesture-handler] AndroidManifest.xml:7:5-9:41
MERGED from [:react-native-gesture-handler] AndroidManifest.xml:7:5-9:41
MERGED from [:react-native-splash-screen] AndroidManifest.xml:7:5-9:41
MERGED from [:react-native-splash-screen] AndroidManifest.xml:7:5-9:41
MERGED from [com.facebook.react:react-native:0.61.4] AndroidManifest.xml:7:5-9:41
MERGED from [com.facebook.react:react-native:0.61.4] AndroidManifest.xml:7:5-9:41
MERGED from [androidx.appcompat:appcompat:1.0.2] AndroidManifest.xml:20:5-44
MERGED from [androidx.appcompat:appcompat:1.0.2] AndroidManifest.xml:20:5-44
MERGED from [com.google.android.gms:play-services-location:17.0.0] AndroidManifest.xml:5:5-44
MERGED from [com.google.android.gms:play-services-location:17.0.0] AndroidManifest.xml:5:5-44
MERGED from [com.google.android.gms:play-services-base:17.0.0] AndroidManifest.xml:20:5-44
MERGED from [com.google.android.gms:play-services-base:17.0.0] AndroidManifest.xml:20:5-44
MERGED from [com.google.android.gms:play-services-places-placereport:17.0.0] AndroidManifest.xml:20:5-44
MERGED from [com.google.android.gms:play-services-places-placereport:17.0.0] AndroidManifest.xml:20:5-44
MERGED from [com.google.android.gms:play-services-tasks:17.0.0] AndroidManifest.xml:5:5-44
MERGED from [com.google.android.gms:play-services-tasks:17.0.0] AndroidManifest.xml:5:5-44
MERGED from [com.google.android.gms:play-services-basement:17.0.0] AndroidManifest.xml:20:5-44
MERGED from [com.google.android.gms:play-services-basement:17.0.0] AndroidManifest.xml:20:5-44
MERGED from [androidx.fragment:fragment:1.0.0] AndroidManifest.xml:20:5-44
MERGED from [androidx.fragment:fragment:1.0.0] AndroidManifest.xml:20:5-44
MERGED from [androidx.vectordrawable:vectordrawable-animated:1.0.0] AndroidManifest.xml:20:5-44
MERGED from [androidx.vectordrawable:vectordrawable-animated:1.0.0] AndroidManifest.xml:20:5-44
MERGED from [androidx.legacy:legacy-support-core-ui:1.0.0] AndroidManifest.xml:20:5-44
MERGED from [androidx.legacy:legacy-support-core-ui:1.0.0] AndroidManifest.xml:20:5-44
MERGED from [androidx.legacy:legacy-support-core-utils:1.0.0] AndroidManifest.xml:20:5-44
MERGED from [androidx.legacy:legacy-support-core-utils:1.0.0] AndroidManifest.xml:20:5-44
MERGED from [androidx.vectordrawable:vectordrawable:1.0.1] AndroidManifest.xml:20:5-44
MERGED from [androidx.vectordrawable:vectordrawable:1.0.1] AndroidManifest.xml:20:5-44
MERGED from [androidx.loader:loader:1.0.0] AndroidManifest.xml:20:5-44
MERGED from [androidx.loader:loader:1.0.0] AndroidManifest.xml:20:5-44
MERGED from [androidx.viewpager:viewpager:1.0.0] AndroidManifest.xml:20:5-44
MERGED from [androidx.viewpager:viewpager:1.0.0] AndroidManifest.xml:20:5-44
MERGED from [androidx.coordinatorlayout:coordinatorlayout:1.0.0] AndroidManifest.xml:20:5-44
MERGED from [androidx.coordinatorlayout:coordinatorlayout:1.0.0] AndroidManifest.xml:20:5-44
MERGED from [androidx.drawerlayout:drawerlayout:1.0.0] AndroidManifest.xml:20:5-44
MERGED from [androidx.drawerlayout:drawerlayout:1.0.0] AndroidManifest.xml:20:5-44
MERGED from [androidx.slidingpanelayout:slidingpanelayout:1.0.0] AndroidManifest.xml:20:5-44
MERGED from [androidx.slidingpanelayout:slidingpanelayout:1.0.0] AndroidManifest.xml:20:5-44
MERGED from [androidx.customview:customview:1.0.0] AndroidManifest.xml:20:5-44
MERGED from [androidx.customview:customview:1.0.0] AndroidManifest.xml:20:5-44
MERGED from [androidx.swiperefreshlayout:swiperefreshlayout:1.0.0] AndroidManifest.xml:20:5-44
MERGED from [androidx.swiperefreshlayout:swiperefreshlayout:1.0.0] AndroidManifest.xml:20:5-44
MERGED from [androidx.asynclayoutinflater:asynclayoutinflater:1.0.0] AndroidManifest.xml:20:5-44
MERGED from [androidx.asynclayoutinflater:asynclayoutinflater:1.0.0] AndroidManifest.xml:20:5-44
MERGED from [androidx.core:core:1.0.1] AndroidManifest.xml:20:5-44
MERGED from [androidx.core:core:1.0.1] AndroidManifest.xml:20:5-44
MERGED from [androidx.versionedparcelable:versionedparcelable:1.0.0] AndroidManifest.xml:20:5-44
MERGED from [androidx.versionedparcelable:versionedparcelable:1.0.0] AndroidManifest.xml:20:5-44
MERGED from [androidx.cursoradapter:cursoradapter:1.0.0] AndroidManifest.xml:20:5-44
MERGED from [androidx.cursoradapter:cursoradapter:1.0.0] AndroidManifest.xml:20:5-44
MERGED from [androidx.lifecycle:lifecycle-runtime:2.0.0] AndroidManifest.xml:20:5-44
MERGED from [androidx.lifecycle:lifecycle-runtime:2.0.0] AndroidManifest.xml:20:5-44
MERGED from [androidx.documentfile:documentfile:1.0.0] AndroidManifest.xml:20:5-44
MERGED from [androidx.documentfile:documentfile:1.0.0] AndroidManifest.xml:20:5-44
MERGED from [androidx.localbroadcastmanager:localbroadcastmanager:1.0.0] AndroidManifest.xml:20:5-44
MERGED from [androidx.localbroadcastmanager:localbroadcastmanager:1.0.0] AndroidManifest.xml:20:5-44
MERGED from [androidx.print:print:1.0.0] AndroidManifest.xml:20:5-44
MERGED from [androidx.print:print:1.0.0] AndroidManifest.xml:20:5-44
MERGED from [androidx.lifecycle:lifecycle-viewmodel:2.0.0] AndroidManifest.xml:20:5-44
MERGED from [androidx.lifecycle:lifecycle-viewmodel:2.0.0] AndroidManifest.xml:20:5-44
MERGED from [androidx.lifecycle:lifecycle-livedata:2.0.0] AndroidManifest.xml:20:5-44
MERGED from [androidx.lifecycle:lifecycle-livedata:2.0.0] AndroidManifest.xml:20:5-44
MERGED from [androidx.lifecycle:lifecycle-livedata-core:2.0.0] AndroidManifest.xml:20:5-44
MERGED from [androidx.lifecycle:lifecycle-livedata-core:2.0.0] AndroidManifest.xml:20:5-44
MERGED from [androidx.arch.core:core-runtime:2.0.0] AndroidManifest.xml:20:5-44
MERGED from [androidx.arch.core:core-runtime:2.0.0] AndroidManifest.xml:20:5-44
MERGED from [androidx.interpolator:interpolator:1.0.0] AndroidManifest.xml:20:5-44
MERGED from [androidx.interpolator:interpolator:1.0.0] AndroidManifest.xml:20:5-44
MERGED from [org.webkit:android-jsc:r245459] AndroidManifest.xml:7:5-9:41
MERGED from [org.webkit:android-jsc:r245459] AndroidManifest.xml:7:5-9:41
MERGED from [com.facebook.fresco:fresco:2.0.0] AndroidManifest.xml:5:5-7:41
MERGED from [com.facebook.fresco:fresco:2.0.0] AndroidManifest.xml:5:5-7:41
MERGED from [com.facebook.fresco:imagepipeline-okhttp3:2.0.0] AndroidManifest.xml:5:5-7:41
MERGED from [com.facebook.fresco:imagepipeline-okhttp3:2.0.0] AndroidManifest.xml:5:5-7:41
MERGED from [com.facebook.fresco:drawee:2.0.0] AndroidManifest.xml:5:5-7:41
MERGED from [com.facebook.fresco:drawee:2.0.0] AndroidManifest.xml:5:5-7:41
MERGED from [com.facebook.fresco:nativeimagefilters:2.0.0] AndroidManifest.xml:5:5-7:41
MERGED from [com.facebook.fresco:nativeimagefilters:2.0.0] AndroidManifest.xml:5:5-7:41
MERGED from [com.facebook.fresco:imagepipeline:2.0.0] AndroidManifest.xml:5:5-7:41
MERGED from [com.facebook.fresco:imagepipeline:2.0.0] AndroidManifest.xml:5:5-7:41
MERGED from [com.facebook.fresco:nativeimagetranscoder:2.0.0] AndroidManifest.xml:5:5-7:41
MERGED from [com.facebook.fresco:nativeimagetranscoder:2.0.0] AndroidManifest.xml:5:5-7:41
MERGED from [com.facebook.fresco:imagepipeline-base:2.0.0] AndroidManifest.xml:5:5-7:41
MERGED from [com.facebook.fresco:imagepipeline-base:2.0.0] AndroidManifest.xml:5:5-7:41
MERGED from [com.facebook.soloader:soloader:0.6.0] AndroidManifest.xml:7:5-9:41
MERGED from [com.facebook.soloader:soloader:0.6.0] AndroidManifest.xml:7:5-9:41
MERGED from [com.github.tony19:logback-android:2.0.0] AndroidManifest.xml:7:5-9:41
MERGED from [com.github.tony19:logback-android:2.0.0] AndroidManifest.xml:7:5-9:41
MERGED from [com.intentfilter:android-permissions:0.1.8] AndroidManifest.xml:7:5-9:41
MERGED from [com.intentfilter:android-permissions:0.1.8] AndroidManifest.xml:7:5-9:41
MERGED from [com.facebook.fresco:fbcore:2.0.0] AndroidManifest.xml:5:5-7:41
MERGED from [com.facebook.fresco:fbcore:2.0.0] AndroidManifest.xml:5:5-7:41
INJECTED from src/debug/AndroidManifest.xml
INJECTED from src/debug/AndroidManifest.xml
	android:targetSdkVersion
		INJECTED from src/main/AndroidManifest.xml
		INJECTED from src/debug/AndroidManifest.xml
	android:minSdkVersion
		INJECTED from src/main/AndroidManifest.xml
		INJECTED from src/debug/AndroidManifest.xml
uses-permission#android.permission.SYSTEM_ALERT_WINDOW
ADDED from src/debug/AndroidManifest.xml:5:5-77
	android:name
		ADDED from src/debug/AndroidManifest.xml:5:22-75
service#com.transistorsoft.rnbackgroundfetch.HeadlessJobService
ADDED from [:react-native-background-fetch] AndroidManifest.xml:14:9-17:72
	android:exported
		ADDED from [:react-native-background-fetch] AndroidManifest.xml:16:13-36
	android:permission
		ADDED from [:react-native-background-fetch] AndroidManifest.xml:17:13-69
	android:name
		ADDED from [:react-native-background-fetch] AndroidManifest.xml:15:13-83
receiver#com.transistorsoft.rnbackgroundfetch.HeadlessBroadcastReceiver
ADDED from [:react-native-background-fetch] AndroidManifest.xml:19:9-23:20
	android:name
		ADDED from [:react-native-background-fetch] AndroidManifest.xml:19:19-96
intent-filter#action:name:${applicationId}.event.BACKGROUND_FETCH
ADDED from [:react-native-background-fetch] AndroidManifest.xml:20:13-22:29
intent-filter#action:name:com.geospikeapp.event.BACKGROUND_FETCH
ADDED from [:react-native-background-fetch] AndroidManifest.xml:20:13-22:29
action#${applicationId}.event.BACKGROUND_FETCH
ADDED from [:react-native-background-fetch] AndroidManifest.xml:21:17-82
	android:name
		ADDED from [:react-native-background-fetch] AndroidManifest.xml:21:25-79
action#com.geospikeapp.event.BACKGROUND_FETCH
ADDED from [:react-native-background-fetch] AndroidManifest.xml:21:17-82
	android:name
		ADDED from [:react-native-background-fetch] AndroidManifest.xml:21:25-79
uses-permission#android.permission.RECEIVE_BOOT_COMPLETED
ADDED from [tsbackgroundfetch-0.3.3.aar] AndroidManifest.xml:11:5-81
MERGED from [tslocationmanager-3.0.38.aar] AndroidManifest.xml:13:5-80
MERGED from [tslocationmanager-3.0.38.aar] AndroidManifest.xml:13:5-80
	android:name
		ADDED from [tsbackgroundfetch-0.3.3.aar] AndroidManifest.xml:11:22-78
uses-permission#android.permission.GET_TASKS
ADDED from [tsbackgroundfetch-0.3.3.aar] AndroidManifest.xml:12:5-68
MERGED from [tslocationmanager-3.0.38.aar] AndroidManifest.xml:14:5-67
MERGED from [tslocationmanager-3.0.38.aar] AndroidManifest.xml:14:5-67
	android:name
		ADDED from [tsbackgroundfetch-0.3.3.aar] AndroidManifest.xml:12:22-65
receiver#com.transistorsoft.tsbackgroundfetch.FetchAlarmReceiver
ADDED from [tsbackgroundfetch-0.3.3.aar] AndroidManifest.xml:15:9-92
	android:name
		ADDED from [tsbackgroundfetch-0.3.3.aar] AndroidManifest.xml:15:19-89
service#com.transistorsoft.tsbackgroundfetch.FetchJobService
ADDED from [tsbackgroundfetch-0.3.3.aar] AndroidManifest.xml:17:9-20:72
	android:exported
		ADDED from [tsbackgroundfetch-0.3.3.aar] AndroidManifest.xml:19:13-36
	android:permission
		ADDED from [tsbackgroundfetch-0.3.3.aar] AndroidManifest.xml:20:13-69
	android:name
		ADDED from [tsbackgroundfetch-0.3.3.aar] AndroidManifest.xml:18:13-80
receiver#com.transistorsoft.tsbackgroundfetch.BootReceiver
ADDED from [tsbackgroundfetch-0.3.3.aar] AndroidManifest.xml:22:9-27:20
	android:name
		ADDED from [tsbackgroundfetch-0.3.3.aar] AndroidManifest.xml:22:19-83
intent-filter#action:name:android.intent.action.BOOT_COMPLETED+action:name:android.intent.action.MY_PACKAGE_REPLACED
ADDED from [tsbackgroundfetch-0.3.3.aar] AndroidManifest.xml:23:13-26:29
action#android.intent.action.BOOT_COMPLETED
ADDED from [tsbackgroundfetch-0.3.3.aar] AndroidManifest.xml:24:17-79
	android:name
		ADDED from [tsbackgroundfetch-0.3.3.aar] AndroidManifest.xml:24:25-76
action#android.intent.action.MY_PACKAGE_REPLACED
ADDED from [tsbackgroundfetch-0.3.3.aar] AndroidManifest.xml:25:17-84
	android:name
		ADDED from [tsbackgroundfetch-0.3.3.aar] AndroidManifest.xml:25:25-81
uses-permission#android.permission.WAKE_LOCK
ADDED from [tslocationmanager-3.0.38.aar] AndroidManifest.xml:3:5-67
	android:name
		ADDED from [tslocationmanager-3.0.38.aar] AndroidManifest.xml:3:22-65
uses-permission#android.permission.ACCESS_NETWORK_STATE
ADDED from [tslocationmanager-3.0.38.aar] AndroidManifest.xml:4:5-78
	android:name
		ADDED from [tslocationmanager-3.0.38.aar] AndroidManifest.xml:4:22-76
uses-permission#android.permission.ACCESS_BACKGROUND_LOCATION
ADDED from [tslocationmanager-3.0.38.aar] AndroidManifest.xml:5:5-84
	android:name
		ADDED from [tslocationmanager-3.0.38.aar] AndroidManifest.xml:5:22-82
uses-permission#android.permission.ACCESS_COARSE_LOCATION
ADDED from [tslocationmanager-3.0.38.aar] AndroidManifest.xml:6:5-80
	android:name
		ADDED from [tslocationmanager-3.0.38.aar] AndroidManifest.xml:6:22-78
uses-permission#android.permission.ACTIVITY_RECOGNITION
ADDED from [tslocationmanager-3.0.38.aar] AndroidManifest.xml:7:5-78
	android:name
		ADDED from [tslocationmanager-3.0.38.aar] AndroidManifest.xml:7:22-76
uses-permission#android.permission.ACCESS_FINE_LOCATION
ADDED from [tslocationmanager-3.0.38.aar] AndroidManifest.xml:8:5-78
	android:name
		ADDED from [tslocationmanager-3.0.38.aar] AndroidManifest.xml:8:22-76
uses-permission#android.permission.ACCESS_LOCATION_EXTRA_COMMANDS
ADDED from [tslocationmanager-3.0.38.aar] AndroidManifest.xml:9:5-88
	android:name
		ADDED from [tslocationmanager-3.0.38.aar] AndroidManifest.xml:9:22-86
uses-permission#android.permission.FOREGROUND_SERVICE
ADDED from [tslocationmanager-3.0.38.aar] AndroidManifest.xml:11:5-76
	android:name
		ADDED from [tslocationmanager-3.0.38.aar] AndroidManifest.xml:11:22-74
uses-permission#com.google.android.gms.permission.ACTIVITY_RECOGNITION
ADDED from [tslocationmanager-3.0.38.aar] AndroidManifest.xml:12:5-93
	android:name
		ADDED from [tslocationmanager-3.0.38.aar] AndroidManifest.xml:12:22-91
uses-permission#oppo.permission.OPPO_COMPONENT_SAFE
ADDED from [tslocationmanager-3.0.38.aar] AndroidManifest.xml:16:5-74
	android:name
		ADDED from [tslocationmanager-3.0.38.aar] AndroidManifest.xml:16:22-72
uses-permission#com.huawei.permission.external_app_settings.USE_COMPONENT
ADDED from [tslocationmanager-3.0.38.aar] AndroidManifest.xml:17:5-96
	android:name
		ADDED from [tslocationmanager-3.0.38.aar] AndroidManifest.xml:17:22-94
uses-feature#android.hardware.location.gps
ADDED from [tslocationmanager-3.0.38.aar] AndroidManifest.xml:18:5-90
	android:required
		ADDED from [tslocationmanager-3.0.38.aar] AndroidManifest.xml:18:64-88
	android:name
		ADDED from [tslocationmanager-3.0.38.aar] AndroidManifest.xml:18:19-63
activity#com.transistorsoft.locationmanager.activity.TSLocationManagerActivity
ADDED from [tslocationmanager-3.0.38.aar] AndroidManifest.xml:20:9-219
	android:excludeFromRecents
		ADDED from [tslocationmanager-3.0.38.aar] AndroidManifest.xml:20:104-137
	android:launchMode
		ADDED from [tslocationmanager-3.0.38.aar] AndroidManifest.xml:20:138-173
	android:theme
		ADDED from [tslocationmanager-3.0.38.aar] AndroidManifest.xml:20:174-217
	android:name
		ADDED from [tslocationmanager-3.0.38.aar] AndroidManifest.xml:20:19-103
service#com.transistorsoft.locationmanager.service.TrackingService
ADDED from [tslocationmanager-3.0.38.aar] AndroidManifest.xml:21:9-93
	android:name
		ADDED from [tslocationmanager-3.0.38.aar] AndroidManifest.xml:21:18-91
service#com.transistorsoft.locationmanager.service.LocationRequestService
ADDED from [tslocationmanager-3.0.38.aar] AndroidManifest.xml:22:9-100
	android:name
		ADDED from [tslocationmanager-3.0.38.aar] AndroidManifest.xml:22:18-98
service#com.transistorsoft.locationmanager.service.HeartbeatService
ADDED from [tslocationmanager-3.0.38.aar] AndroidManifest.xml:23:9-94
	android:name
		ADDED from [tslocationmanager-3.0.38.aar] AndroidManifest.xml:23:18-92
service#com.transistorsoft.locationmanager.service.ActivityRecognitionService
ADDED from [tslocationmanager-3.0.38.aar] AndroidManifest.xml:24:9-104
	android:name
		ADDED from [tslocationmanager-3.0.38.aar] AndroidManifest.xml:24:18-102
service#com.transistorsoft.locationmanager.service.GeofencingService
ADDED from [tslocationmanager-3.0.38.aar] AndroidManifest.xml:25:9-95
	android:name
		ADDED from [tslocationmanager-3.0.38.aar] AndroidManifest.xml:25:18-93
service#com.transistorsoft.locationmanager.service.BackgroundTaskService
ADDED from [tslocationmanager-3.0.38.aar] AndroidManifest.xml:26:9-99
	android:name
		ADDED from [tslocationmanager-3.0.38.aar] AndroidManifest.xml:26:18-97
receiver#com.transistorsoft.locationmanager.scheduler.ScheduleAlarmReceiver
ADDED from [tslocationmanager-3.0.38.aar] AndroidManifest.xml:27:9-102
	android:name
		ADDED from [tslocationmanager-3.0.38.aar] AndroidManifest.xml:27:19-100
service#com.transistorsoft.locationmanager.scheduler.ScheduleService
ADDED from [tslocationmanager-3.0.38.aar] AndroidManifest.xml:28:9-95
	android:name
		ADDED from [tslocationmanager-3.0.38.aar] AndroidManifest.xml:28:18-93
service#com.transistorsoft.locationmanager.scheduler.ScheduleJobService
ADDED from [tslocationmanager-3.0.38.aar] AndroidManifest.xml:29:9-179
	android:exported
		ADDED from [tslocationmanager-3.0.38.aar] AndroidManifest.xml:29:97-120
	android:permission
		ADDED from [tslocationmanager-3.0.38.aar] AndroidManifest.xml:29:121-177
	android:name
		ADDED from [tslocationmanager-3.0.38.aar] AndroidManifest.xml:29:18-96
receiver#com.transistorsoft.locationmanager.BootReceiver
ADDED from [tslocationmanager-3.0.38.aar] AndroidManifest.xml:30:9-35:20
	android:name
		ADDED from [tslocationmanager-3.0.38.aar] AndroidManifest.xml:30:19-81
provider#com.transistorsoft.locationmanager.util.LogFileProvider
ADDED from [tslocationmanager-3.0.38.aar] AndroidManifest.xml:36:9-38:20
	android:grantUriPermissions
		ADDED from [tslocationmanager-3.0.38.aar] AndroidManifest.xml:36:185-219
	android:authorities
		ADDED from [tslocationmanager-3.0.38.aar] AndroidManifest.xml:36:90-159
	android:exported
		ADDED from [tslocationmanager-3.0.38.aar] AndroidManifest.xml:36:160-184
	android:name
		ADDED from [tslocationmanager-3.0.38.aar] AndroidManifest.xml:36:19-89
meta-data#android.support.FILE_PROVIDER_PATHS
ADDED from [tslocationmanager-3.0.38.aar] AndroidManifest.xml:37:13-137
	android:resource
		ADDED from [tslocationmanager-3.0.38.aar] AndroidManifest.xml:37:75-135
	android:name
		ADDED from [tslocationmanager-3.0.38.aar] AndroidManifest.xml:37:24-74
activity#com.google.android.gms.common.api.GoogleApiActivity
ADDED from [com.google.android.gms:play-services-base:17.0.0] AndroidManifest.xml:23:9-26:75
	android:exported
		ADDED from [com.google.android.gms:play-services-base:17.0.0] AndroidManifest.xml:25:13-37
	android:theme
		ADDED from [com.google.android.gms:play-services-base:17.0.0] AndroidManifest.xml:26:13-72
	android:name
		ADDED from [com.google.android.gms:play-services-base:17.0.0] AndroidManifest.xml:24:13-79
meta-data#com.google.android.gms.version